17:10:44,001 (main) INFO  [DataNucleus.Enhancer] - DataNucleus Enhancer : Using ClassEnhancer "ASM" for API "JDO"
17:10:44,122 (main) INFO  [DataNucleus.Enhancer] - DataNucleus Enhancer (version 3.0.1) : Enhancement of classes
17:10:44,494 (main) INFO  [DataNucleus.Enhancer] - Writing class file "/Users/selinaz/dev/branch-1.2-skewjoinNPE/hive/metastore/target/classes/org/apache/hadoop/hive/metastore/model/MDatabase.class" with enhanced definition
17:10:44,500 (main) INFO  [DataNucleus.Enhancer] - Writing class file "/Users/selinaz/dev/branch-1.2-skewjoinNPE/hive/metastore/target/classes/org/apache/hadoop/hive/metastore/model/MFieldSchema.class" with enhanced definition
17:10:44,505 (main) INFO  [DataNucleus.Enhancer] - Writing class file "/Users/selinaz/dev/branch-1.2-skewjoinNPE/hive/metastore/target/classes/org/apache/hadoop/hive/metastore/model/MType.class" with enhanced definition
17:10:44,513 (main) INFO  [DataNucleus.Enhancer] - Writing class file "/Users/selinaz/dev/branch-1.2-skewjoinNPE/hive/metastore/target/classes/org/apache/hadoop/hive/metastore/model/MTable.class" with enhanced definition
17:10:44,518 (main) INFO  [DataNucleus.Enhancer] - Writing class file "/Users/selinaz/dev/branch-1.2-skewjoinNPE/hive/metastore/target/classes/org/apache/hadoop/hive/metastore/model/MSerDeInfo.class" with enhanced definition
17:10:44,521 (main) INFO  [DataNucleus.Enhancer] - Writing class file "/Users/selinaz/dev/branch-1.2-skewjoinNPE/hive/metastore/target/classes/org/apache/hadoop/hive/metastore/model/MOrder.class" with enhanced definition
17:10:44,524 (main) INFO  [DataNucleus.Enhancer] - Writing class file "/Users/selinaz/dev/branch-1.2-skewjoinNPE/hive/metastore/target/classes/org/apache/hadoop/hive/metastore/model/MColumnDescriptor.class" with enhanced definition
17:10:44,527 (main) INFO  [DataNucleus.Enhancer] - Writing class file "/Users/selinaz/dev/branch-1.2-skewjoinNPE/hive/metastore/target/classes/org/apache/hadoop/hive/metastore/model/MStringList.class" with enhanced definition
17:10:44,534 (main) INFO  [DataNucleus.Enhancer] - Writing class file "/Users/selinaz/dev/branch-1.2-skewjoinNPE/hive/metastore/target/classes/org/apache/hadoop/hive/metastore/model/MStorageDescriptor.class" with enhanced definition
17:10:44,539 (main) INFO  [DataNucleus.Enhancer] - Writing class file "/Users/selinaz/dev/branch-1.2-skewjoinNPE/hive/metastore/target/classes/org/apache/hadoop/hive/metastore/model/MPartition.class" with enhanced definition
17:10:44,544 (main) INFO  [DataNucleus.Enhancer] - Writing class file "/Users/selinaz/dev/branch-1.2-skewjoinNPE/hive/metastore/target/classes/org/apache/hadoop/hive/metastore/model/MIndex.class" with enhanced definition
17:10:44,548 (main) INFO  [DataNucleus.Enhancer] - Writing class file "/Users/selinaz/dev/branch-1.2-skewjoinNPE/hive/metastore/target/classes/org/apache/hadoop/hive/metastore/model/MRole.class" with enhanced definition
17:10:44,552 (main) INFO  [DataNucleus.Enhancer] - Writing class file "/Users/selinaz/dev/branch-1.2-skewjoinNPE/hive/metastore/target/classes/org/apache/hadoop/hive/metastore/model/MRoleMap.class" with enhanced definition
17:10:44,555 (main) INFO  [DataNucleus.Enhancer] - Writing class file "/Users/selinaz/dev/branch-1.2-skewjoinNPE/hive/metastore/target/classes/org/apache/hadoop/hive/metastore/model/MGlobalPrivilege.class" with enhanced definition
17:10:44,559 (main) INFO  [DataNucleus.Enhancer] - Writing class file "/Users/selinaz/dev/branch-1.2-skewjoinNPE/hive/metastore/target/classes/org/apache/hadoop/hive/metastore/model/MDBPrivilege.class" with enhanced definition
17:10:44,564 (main) INFO  [DataNucleus.Enhancer] - Writing class file "/Users/selinaz/dev/branch-1.2-skewjoinNPE/hive/metastore/target/classes/org/apache/hadoop/hive/metastore/model/MTablePrivilege.class" with enhanced definition
17:10:44,567 (main) INFO  [DataNucleus.Enhancer] - Writing class file "/Users/selinaz/dev/branch-1.2-skewjoinNPE/hive/metastore/target/classes/org/apache/hadoop/hive/metastore/model/MPartitionPrivilege.class" with enhanced definition
17:10:44,571 (main) INFO  [DataNucleus.Enhancer] - Writing class file "/Users/selinaz/dev/branch-1.2-skewjoinNPE/hive/metastore/target/classes/org/apache/hadoop/hive/metastore/model/MTableColumnPrivilege.class" with enhanced definition
17:10:44,576 (main) INFO  [DataNucleus.Enhancer] - Writing class file "/Users/selinaz/dev/branch-1.2-skewjoinNPE/hive/metastore/target/classes/org/apache/hadoop/hive/metastore/model/MPartitionColumnPrivilege.class" with enhanced definition
17:10:44,579 (main) INFO  [DataNucleus.Enhancer] - Writing class file "/Users/selinaz/dev/branch-1.2-skewjoinNPE/hive/metastore/target/classes/org/apache/hadoop/hive/metastore/model/MPartitionEvent.class" with enhanced definition
17:10:44,583 (main) INFO  [DataNucleus.Enhancer] - Writing class file "/Users/selinaz/dev/branch-1.2-skewjoinNPE/hive/metastore/target/classes/org/apache/hadoop/hive/metastore/model/MMasterKey.class" with enhanced definition
17:10:44,585 (main) INFO  [DataNucleus.Enhancer] - Writing class file "/Users/selinaz/dev/branch-1.2-skewjoinNPE/hive/metastore/target/classes/org/apache/hadoop/hive/metastore/model/MDelegationToken.class" with enhanced definition
17:10:44,591 (main) INFO  [DataNucleus.Enhancer] - Writing class file "/Users/selinaz/dev/branch-1.2-skewjoinNPE/hive/metastore/target/classes/org/apache/hadoop/hive/metastore/model/MTableColumnStatistics.class" with enhanced definition
17:10:44,596 (main) INFO  [DataNucleus.Enhancer] - Writing class file "/Users/selinaz/dev/branch-1.2-skewjoinNPE/hive/metastore/target/classes/org/apache/hadoop/hive/metastore/model/MPartitionColumnStatistics.class" with enhanced definition
17:10:44,599 (main) INFO  [DataNucleus.Enhancer] - Writing class file "/Users/selinaz/dev/branch-1.2-skewjoinNPE/hive/metastore/target/classes/org/apache/hadoop/hive/metastore/model/MVersionTable.class" with enhanced definition
17:10:44,602 (main) INFO  [DataNucleus.Enhancer] - Writing class file "/Users/selinaz/dev/branch-1.2-skewjoinNPE/hive/metastore/target/classes/org/apache/hadoop/hive/metastore/model/MResourceUri.class" with enhanced definition
17:10:44,605 (main) INFO  [DataNucleus.Enhancer] - Writing class file "/Users/selinaz/dev/branch-1.2-skewjoinNPE/hive/metastore/target/classes/org/apache/hadoop/hive/metastore/model/MFunction.class" with enhanced definition
17:10:44,608 (main) INFO  [DataNucleus.Enhancer] - Writing class file "/Users/selinaz/dev/branch-1.2-skewjoinNPE/hive/metastore/target/classes/org/apache/hadoop/hive/metastore/model/MNotificationLog.class" with enhanced definition
17:10:44,610 (main) INFO  [DataNucleus.Enhancer] - Writing class file "/Users/selinaz/dev/branch-1.2-skewjoinNPE/hive/metastore/target/classes/org/apache/hadoop/hive/metastore/model/MNotificationNextId.class" with enhanced definition
17:10:44,611 (main) INFO  [DataNucleus.Enhancer] - DataNucleus Enhancer completed with success for 29 classes. Timings : input=276 ms, enhance=207 ms, total=483 ms. Consult the log for full details
